#
# A fatal error has been detected by the Java Runtime Environment:
#
#  EXCEPTION_IN_PAGE_ERROR (0xc0000006) at pc=0x56b2fab0, pid=3864, tid=0x00002f40
#
# JRE version: Java(TM) SE Runtime Environment (8.0_191-b12) (build 1.8.0_191-b12)
# Java VM: Java HotSpot(TM) Client VM (25.191-b12 mixed mode windows-x86 )
# Problematic frame:
# V  [jvm.dll+0x24fab0]
#
# Failed to write core dump. Minidumps are not enabled by default on client versions of Windows
#
# If you would like to submit a bug report, please visit:
#   http://bugreport.java.com/bugreport/crash.jsp
#

---------------  T H R E A D  ---------------

Current thread (0x29a8a400):  JavaThread "AWT-EventQueue-0" [_thread_in_vm, id=12096, stack(0x02c70000,0x02cc0000)]

siginfo: ExceptionCode=0xc0000006, ExceptionInformation=0x00000008 0x56b2fab0 0xc000026e 

Registers:
EAX=0x00000000, EBX=0x00000000, ECX=0x00e59000, EDX=0x0000000f
ESP=0x02cbe234, EBP=0x02cbe270, ESI=0x29a8a400, EDI=0x29a8a400
EIP=0x56b2fab0, EFLAGS=0x00010246

Top of Stack: (sp=0x02cbe234)
0x02cbe234:   56a4376e 56a3b975 29a8a400 260ddb38
0x02cbe244:   260ddb38 260ddb00 02cbe23c 00000000
0x02cbe254:   00000000 00000000 00000000 fffffffe
0x02cbe264:   02cbe274 568e73f4 29a8a400 02cbe290
0x02cbe274:   569e2c72 29a8a400 29a8a400 00000006
0x02cbe284:   29a8a400 260ddb38 260ddb38 02cbe2d4
0x02cbe294:   568850a8 00000000 03c5daf1 29a8a540
0x02cbe2a4:   02cbe2dc 00000000 260ddb38 03c5d8c6 

Instructions: (pc=0x56b2fab0)
0x56b2fa90:   
[error occurred during error reporting (printing registers, top of stack, instructions near pc), id 0xc0000006]

Register to memory mapping:

EAX=0x00000000 is an unknown value
EBX=0x00000000 is an unknown value
ECX=0x00e59000 is an unknown value
EDX=0x0000000f is an unknown value
ESP=0x02cbe234 is pointing into the stack for thread: 0x29a8a400
EBP=0x02cbe270 is pointing into the stack for thread: 0x29a8a400
ESI=0x29a8a400 is a thread
EDI=0x29a8a400 is a thread


Stack: [0x02c70000,0x02cc0000],  sp=0x02cbe234,  free space=312k
Native frames: (J=compiled Java code, j=interpreted, Vv=VM code, C=native code)
V  [jvm.dll+0x24fab0]
V  [jvm.dll+0x102c72]
C  [java.dll+0x50a8]
j  java.lang.Shutdown.halt(I)V+7
j  java.lang.Shutdown.exit(I)V+99
j  java.lang.Runtime.exit(I)V+14
j  java.lang.System.exit(I)V+4
j  processing.app.Base.handleQuit()Z+75
j  processing.app.Base.handleClose(Lprocessing/app/Editor;)Z+14
j  processing.app.Editor$1.windowClosing(Ljava/awt/event/WindowEvent;)V+11
j  java.awt.AWTEventMulticaster.windowClosing(Ljava/awt/event/WindowEvent;)V+8
j  java.awt.AWTEventMulticaster.windowClosing(Ljava/awt/event/WindowEvent;)V+8
j  java.awt.AWTEventMulticaster.windowClosing(Ljava/awt/event/WindowEvent;)V+8
j  java.awt.Window.processWindowEvent(Ljava/awt/event/WindowEvent;)V+68
j  javax.swing.JFrame.processWindowEvent(Ljava/awt/event/WindowEvent;)V+2
j  java.awt.Window.processEvent(Ljava/awt/AWTEvent;)V+69
J 1978 C1 java.awt.Component.dispatchEventImpl(Ljava/awt/AWTEvent;)V (921 bytes) @ 0x03fe7114 [0x03fe60f0+0x1024]
J 1873 C1 java.awt.Container.dispatchEventImpl(Ljava/awt/AWTEvent;)V (129 bytes) @ 0x03fc8f3c [0x03fc8ee0+0x5c]
J 2208 C1 java.awt.Window.dispatchEventImpl(Ljava/awt/AWTEvent;)V (23 bytes) @ 0x0403de48 [0x0403dd40+0x108]
J 1860 C1 java.awt.EventQueue.dispatchEventImpl(Ljava/awt/AWTEvent;Ljava/lang/Object;)V (149 bytes) @ 0x03fc419c [0x03fc3d50+0x44c]
J 1872 C1 java.awt.EventQueue$3.run()Ljava/lang/Void; (60 bytes) @ 0x03fc8adc [0x03fc8a80+0x5c]
J 1871 C1 java.awt.EventQueue$3.run()Ljava/lang/Object; (5 bytes) @ 0x03fc8860 [0x03fc8840+0x20]
v  ~StubRoutines::call_stub
V  [jvm.dll+0x15c315]
V  [jvm.dll+0x223ece]
V  [jvm.dll+0x15c3ae]
V  [jvm.dll+0x10c35f]
C  [java.dll+0x102f]
J 2026 C1 java.awt.EventQueue$4.run()Ljava/lang/Object; (5 bytes) @ 0x04004118 [0x04004050+0xc8]
v  ~StubRoutines::call_stub
V  [jvm.dll+0x15c315]
V  [jvm.dll+0x223ece]
V  [jvm.dll+0x15c3ae]
V  [jvm.dll+0x10c35f]
C  [java.dll+0x102f]
J 1856 C1 java.awt.EventQueue.dispatchEvent(Ljava/awt/AWTEvent;)V (80 bytes) @ 0x03fc29dc [0x03fc2680+0x35c]
J 1852 C1 java.awt.EventDispatchThread.pumpOneEventForFilters(I)V (190 bytes) @ 0x03fc0d98 [0x03fc09a0+0x3f8]
J 2361% C1 java.awt.EventDispatchThread.pumpEventsForFilter(ILjava/awt/Conditional;Ljava/awt/EventFilter;)V (47 bytes) @ 0x0406d000 [0x0406cf40+0xc0]
j  java.awt.EventDispatchThread.pumpEventsForHierarchy(ILjava/awt/Conditional;Ljava/awt/Component;)V+11
j  java.awt.EventDispatchThread.pumpEvents(ILjava/awt/Conditional;)V+4
j  java.awt.EventDispatchThread.pumpEvents(Ljava/awt/Conditional;)V+3
j  java.awt.EventDispatchThread.run()V+9
v  ~StubRoutines::call_stub
V  [jvm.dll+0x15c315]
V  [jvm.dll+0x223ece]
V  [jvm.dll+0x15c3ae]
V  [jvm.dll+0x15c536]
V  [jvm.dll+0x15c5a7]
V  [jvm.dll+0x1002ef]
V  [jvm.dll+0x17f550]
V  [jvm.dll+0x17fdca]
V  [jvm.dll+0x1c57a6]
C  [msvcr100.dll+0x5c556]
C  [msvcr100.dll+0x5c600]
C  [KERNEL32.DLL+0x16359]
C  [ntdll.dll+0x67c24]
C  [ntdll.dll+0x67bf4]
C  0x00000000

Java frames: (J=compiled Java code, j=interpreted, Vv=VM code)
j  java.lang.Shutdown.halt0(I)V+0
j  java.lang.Shutdown.halt(I)V+7
j  java.lang.Shutdown.exit(I)V+99
j  java.lang.Runtime.exit(I)V+14
j  java.lang.System.exit(I)V+4
j  processing.app.Base.handleQuit()Z+75
j  processing.app.Base.handleClose(Lprocessing/app/Editor;)Z+14
j  processing.app.Editor$1.windowClosing(Ljava/awt/event/WindowEvent;)V+11
j  java.awt.AWTEventMulticaster.windowClosing(Ljava/awt/event/WindowEvent;)V+8
j  java.awt.AWTEventMulticaster.windowClosing(Ljava/awt/event/WindowEvent;)V+8
j  java.awt.AWTEventMulticaster.windowClosing(Ljava/awt/event/WindowEvent;)V+8
j  java.awt.Window.processWindowEvent(Ljava/awt/event/WindowEvent;)V+68
j  javax.swing.JFrame.processWindowEvent(Ljava/awt/event/WindowEvent;)V+2
j  java.awt.Window.processEvent(Ljava/awt/AWTEvent;)V+69
J 1978 C1 java.awt.Component.dispatchEventImpl(Ljava/awt/AWTEvent;)V (921 bytes) @ 0x03fe7114 [0x03fe60f0+0x1024]
J 1873 C1 java.awt.Container.dispatchEventImpl(Ljava/awt/AWTEvent;)V (129 bytes) @ 0x03fc8f3c [0x03fc8ee0+0x5c]
J 2208 C1 java.awt.Window.dispatchEventImpl(Ljava/awt/AWTEvent;)V (23 bytes) @ 0x0403de48 [0x0403dd40+0x108]
J 1860 C1 java.awt.EventQueue.dispatchEventImpl(Ljava/awt/AWTEvent;Ljava/lang/Object;)V (149 bytes) @ 0x03fc419c [0x03fc3d50+0x44c]
J 1872 C1 java.awt.EventQueue$3.run()Ljava/lang/Void; (60 bytes) @ 0x03fc8adc [0x03fc8a80+0x5c]
J 1871 C1 java.awt.EventQueue$3.run()Ljava/lang/Object; (5 bytes) @ 0x03fc8860 [0x03fc8840+0x20]
v  ~StubRoutines::call_stub
J 1826  java.security.AccessController.doPrivileged(Ljava/security/PrivilegedAction;Ljava/security/AccessControlContext;)Ljava/lang/Object; (0 bytes) @ 0x03fbaa47 [0x03fba9e0+0x67]
J 2026 C1 java.awt.EventQueue$4.run()Ljava/lang/Object; (5 bytes) @ 0x04004118 [0x04004050+0xc8]
v  ~StubRoutines::call_stub
J 1826  java.security.AccessController.doPrivileged(Ljava/security/PrivilegedAction;Ljava/security/AccessControlContext;)Ljava/lang/Object; (0 bytes) @ 0x03fbaa47 [0x03fba9e0+0x67]
J 1856 C1 java.awt.EventQueue.dispatchEvent(Ljava/awt/AWTEvent;)V (80 bytes) @ 0x03fc29dc [0x03fc2680+0x35c]
J 1852 C1 java.awt.EventDispatchThread.pumpOneEventForFilters(I)V (190 bytes) @ 0x03fc0d98 [0x03fc09a0+0x3f8]
J 2361% C1 java.awt.EventDispatchThread.pumpEventsForFilter(ILjava/awt/Conditional;Ljava/awt/EventFilter;)V (47 bytes) @ 0x0406d000 [0x0406cf40+0xc0]
j  java.awt.EventDispatchThread.pumpEventsForHierarchy(ILjava/awt/Conditional;Ljava/awt/Component;)V+11
j  java.awt.EventDispatchThread.pumpEvents(ILjava/awt/Conditional;)V+4
j  java.awt.EventDispatchThread.pumpEvents(Ljava/awt/Conditional;)V+3
j  java.awt.EventDispatchThread.run()V+9
v  ~StubRoutines::call_stub

---------------  P R O C E S S  ---------------

Java Threads: ( => current thread )
=>0x29a8a400 JavaThread "AWT-EventQueue-0" [_thread_in_vm, id=12096, stack(0x02c70000,0x02cc0000)]
  0x29a84c00 JavaThread "DestroyJavaVM" [_thread_blocked, id=7796, stack(0x02d10000,0x02d60000)]
  0x28961c00 JavaThread "TimerQueue" daemon [_thread_blocked, id=6332, stack(0x283c0000,0x28410000)]
  0x2895e400 JavaThread "AWT-Shutdown" [_thread_blocked, id=10892, stack(0x27ac0000,0x27b10000)]
  0x28960800 JavaThread "Batik CleanerThread" daemon [_thread_blocked, id=5140, stack(0x27790000,0x277e0000)]
  0x289ef800 JavaThread "JmDNS(DESKTOP-850P64L-lan.local.).State.Timer" [_thread_blocked, id=9644, stack(0x29940000,0x29990000)]
  0x289ef000 JavaThread "JmDNS(DESKTOP-850P64L-lan.local.).Timer" daemon [_thread_blocked, id=9416, stack(0x298b0000,0x29900000)]
  0x28a00c00 JavaThread "SocketListener(DESKTOP-850P64L-lan.local.)" daemon [_thread_in_native, id=15212, stack(0x271a0000,0x271f0000)]
  0x28978000 JavaThread "Multihomed mDNS.Timer" daemon [_thread_blocked, id=4088, stack(0x02da0000,0x02df0000)]
  0x26d3f800 JavaThread "Java2D Disposer" daemon [_thread_blocked, id=12208, stack(0x27110000,0x27160000)]
  0x2636d000 JavaThread "Service Thread" daemon [_thread_blocked, id=6420, stack(0x269b0000,0x26a00000)]
  0x26342800 JavaThread "C1 CompilerThread0" daemon [_thread_blocked, id=1544, stack(0x26920000,0x26970000)]
  0x26341000 JavaThread "Attach Listener" daemon [_thread_blocked, id=8308, stack(0x26890000,0x268e0000)]
  0x2633e800 JavaThread "Signal Dispatcher" daemon [_thread_blocked, id=15052, stack(0x26800000,0x26850000)]
  0x2632c000 JavaThread "Finalizer" daemon [_thread_blocked, id=1548, stack(0x26670000,0x266c0000)]
  0x26325800 JavaThread "Reference Handler" daemon [_thread_blocked, id=14716, stack(0x265e0000,0x26630000)]

Other Threads:
  0x02c6ec00 VMThread [stack: 0x26550000,0x265a0000] [id=14940]

VM state:not at safepoint (normal execution)

VM Mutex/Monitor currently owned by a thread: None

Heap:
 def new generation   total 56960K, used 6578K [0x05e00000, 0x09bc0000, 0x108a0000)
  eden space 50688K,   5% used [0x05e00000, 0x060c0078, 0x08f80000)
  from space 6272K,  59% used [0x095a0000, 0x0994cb80, 0x09bc0000)
  to   space 6272K,   0% used [0x08f80000, 0x08f80000, 0x095a0000)
 tenured generation   total 126292K, used 96638K [0x108a0000, 0x183f5000, 0x25e00000)
   the space 126292K,  76% used [0x108a0000, 0x166ffaa8, 0x166ffc00, 0x183f5000)
 Metaspace       used 25568K, capacity 26129K, committed 26240K, reserved 27008K

Card table byte_map: [0x05cd0000,0x05de0000] byte_map_base: 0x05ca1000

Polling page: 0x01170000

CodeCache: size=32768Kb used=2901Kb max_used=4532Kb free=29866Kb
 bounds [0x03c50000, 0x040c0000, 0x05c50000]
 total_blobs=1708 nmethods=1407 adapters=230
 compilation: enabled

Compilation events (10 events):
Event: 4218.203 Thread 0x26342800 7803             java.util.PriorityQueue::siftUp (23 bytes)
Event: 4218.203 Thread 0x26342800 nmethod 7803 0x03d8a648 code [0x03d8a750, 0x03d8a818]
Event: 4229.163 Thread 0x26342800 7804             java.util.Objects::requireNonNull (14 bytes)
Event: 4229.163 Thread 0x26342800 nmethod 7804 0x03ead208 code [0x03ead310, 0x03ead3ec]
Event: 4235.091 Thread 0x26342800 7805  s          javax.swing.text.AbstractDocument::readUnlock (43 bytes)
Event: 4235.091 Thread 0x26342800 nmethod 7805 0x03ec4c48 code [0x03ec4d60, 0x03ec4fe8]
Event: 4238.413 Thread 0x26342800 7806             java.awt.AWTEvent::getID (5 bytes)
Event: 4238.413 Thread 0x26342800 nmethod 7806 0x03d8a488 code [0x03d8a580, 0x03d8a600]
Event: 4239.059 Thread 0x26342800 7807             java.lang.String::compareTo (78 bytes)
Event: 4239.059 Thread 0x26342800 nmethod 7807 0x03ec48c8 code [0x03ec49d0, 0x03ec4af0]

GC Heap History (10 events):
Event: 3773.091 GC heap before
{Heap before GC invocations=40 (full 4):
 def new generation   total 56960K, used 50688K [0x05e00000, 0x09bc0000, 0x108a0000)
  eden space 50688K, 100% used [0x05e00000, 0x08f80000, 0x08f80000)
  from space 6272K,   0% used [0x08f80000, 0x08f80000, 0x095a0000)
  to   space 6272K,   0% used [0x095a0000, 0x095a0000, 0x09bc0000)
 tenured generation   total 126292K, used 75774K [0x108a0000, 0x183f5000, 0x25e00000)
   the space 126292K,  59% used [0x108a0000, 0x1529faf0, 0x1529fc00, 0x183f5000)
 Metaspace       used 25563K, capacity 26124K, committed 26240K, reserved 27008K
Event: 3773.092 GC heap after
Heap after GC invocations=41 (full 4):
 def new generation   total 56960K, used 147K [0x05e00000, 0x09bc0000, 0x108a0000)
  eden space 50688K,   0% used [0x05e00000, 0x05e00000, 0x08f80000)
  from space 6272K,   2% used [0x095a0000, 0x095c4cf8, 0x09bc0000)
  to   space 6272K,   0% used [0x08f80000, 0x08f80000, 0x095a0000)
 tenured generation   total 126292K, used 75774K [0x108a0000, 0x183f5000, 0x25e00000)
   the space 126292K,  59% used [0x108a0000, 0x1529faf0, 0x1529fc00, 0x183f5000)
 Metaspace       used 25563K, capacity 26124K, committed 26240K, reserved 27008K
}
Event: 3862.275 GC heap before
{Heap before GC invocations=41 (full 4):
 def new generation   total 56960K, used 50835K [0x05e00000, 0x09bc0000, 0x108a0000)
  eden space 50688K, 100% used [0x05e00000, 0x08f80000, 0x08f80000)
  from space 6272K,   2% used [0x095a0000, 0x095c4cf8, 0x09bc0000)
  to   space 6272K,   0% used [0x08f80000, 0x08f80000, 0x095a0000)
 tenured generation   total 126292K, used 75774K [0x108a0000, 0x183f5000, 0x25e00000)
   the space 126292K,  59% used [0x108a0000, 0x1529faf0, 0x1529fc00, 0x183f5000)
 Metaspace       used 25563K, capacity 26124K, committed 26240K, reserved 27008K
Event: 3862.278 GC heap after
Heap after GC invocations=42 (full 4):
 def new generation   total 56960K, used 742K [0x05e00000, 0x09bc0000, 0x108a0000)
  eden space 50688K,   0% used [0x05e00000, 0x05e00000, 0x08f80000)
  from space 6272K,  11% used [0x08f80000, 0x09039980, 0x095a0000)
  to   space 6272K,   0% used [0x095a0000, 0x095a0000, 0x09bc0000)
 tenured generation   total 126292K, used 75774K [0x108a0000, 0x183f5000, 0x25e00000)
   the space 126292K,  59% used [0x108a0000, 0x1529faf0, 0x1529fc00, 0x183f5000)
 Metaspace       used 25563K, capacity 26124K, committed 26240K, reserved 27008K
}
Event: 4069.041 GC heap before
{Heap before GC invocations=42 (full 4):
 def new generation   total 56960K, used 51430K [0x05e00000, 0x09bc0000, 0x108a0000)
  eden space 50688K, 100% used [0x05e00000, 0x08f80000, 0x08f80000)
  from space 6272K,  11% used [0x08f80000, 0x09039980, 0x095a0000)
  to   space 6272K,   0% used [0x095a0000, 0x095a0000, 0x09bc0000)
 tenured generation   total 126292K, used 75774K [0x108a0000, 0x183f5000, 0x25e00000)
   the space 126292K,  59% used [0x108a0000, 0x1529faf0, 0x1529fc00, 0x183f5000)
 Metaspace       used 25566K, capacity 26126K, committed 26240K, reserved 27008K
Event: 4069.043 GC heap after
Heap after GC invocations=43 (full 4):
 def new generation   total 56960K, used 1507K [0x05e00000, 0x09bc0000, 0x108a0000)
  eden space 50688K,   0% used [0x05e00000, 0x05e00000, 0x08f80000)
  from space 6272K,  24% used [0x095a0000, 0x09718c68, 0x09bc0000)
  to   space 6272K,   0% used [0x08f80000, 0x08f80000, 0x095a0000)
 tenured generation   total 126292K, used 75774K [0x108a0000, 0x183f5000, 0x25e00000)
   the space 126292K,  59% used [0x108a0000, 0x1529faf0, 0x1529fc00, 0x183f5000)
 Metaspace       used 25566K, capacity 26126K, committed 26240K, reserved 27008K
}
Event: 4153.528 GC heap before
{Heap before GC invocations=43 (full 4):
 def new generation   total 56960K, used 46471K [0x05e00000, 0x09bc0000, 0x108a0000)
  eden space 50688K,  88% used [0x05e00000, 0x089e91e8, 0x08f80000)
  from space 6272K,  24% used [0x095a0000, 0x09718c68, 0x09bc0000)
  to   space 6272K,   0% used [0x08f80000, 0x08f80000, 0x095a0000)
 tenured generation   total 126292K, used 75774K [0x108a0000, 0x183f5000, 0x25e00000)
   the space 126292K,  59% used [0x108a0000, 0x1529faf0, 0x1529fc00, 0x183f5000)
 Metaspace       used 25566K, capacity 26126K, committed 26240K, reserved 27008K
Event: 4153.532 GC heap after
Heap after GC invocations=44 (full 4):
 def new generation   total 56960K, used 1681K [0x05e00000, 0x09bc0000, 0x108a0000)
  eden space 50688K,   0% used [0x05e00000, 0x05e00000, 0x08f80000)
  from space 6272K,  26% used [0x08f80000, 0x091246c0, 0x095a0000)
  to   space 6272K,   0% used [0x095a0000, 0x095a0000, 0x09bc0000)
 tenured generation   total 126292K, used 82868K [0x108a0000, 0x183f5000, 0x25e00000)
   the space 126292K,  65% used [0x108a0000, 0x1598d298, 0x1598d400, 0x183f5000)
 Metaspace       used 25566K, capacity 26126K, committed 26240K, reserved 27008K
}
Event: 4235.425 GC heap before
{Heap before GC invocations=44 (full 4):
 def new generation   total 56960K, used 52369K [0x05e00000, 0x09bc0000, 0x108a0000)
  eden space 50688K, 100% used [0x05e00000, 0x08f80000, 0x08f80000)
  from space 6272K,  26% used [0x08f80000, 0x091246c0, 0x095a0000)
  to   space 6272K,   0% used [0x095a0000, 0x095a0000, 0x09bc0000)
 tenured generation   total 126292K, used 82868K [0x108a0000, 0x183f5000, 0x25e00000)
   the space 126292K,  65% used [0x108a0000, 0x1598d298, 0x1598d400, 0x183f5000)
 Metaspace       used 25568K, capacity 26129K, committed 26240K, reserved 27008K
Event: 4235.432 GC heap after
Heap after GC invocations=45 (full 4):
 def new generation   total 56960K, used 3762K [0x05e00000, 0x09bc0000, 0x108a0000)
  eden space 50688K,   0% used [0x05e00000, 0x05e00000, 0x08f80000)
  from space 6272K,  59% used [0x095a0000, 0x0994cb80, 0x09bc0000)
  to   space 6272K,   0% used [0x08f80000, 0x08f80000, 0x095a0000)
 tenured generation   total 126292K, used 96638K [0x108a0000, 0x183f5000, 0x25e00000)
   the space 126292K,  76% used [0x108a0000, 0x166ffaa8, 0x166ffc00, 0x183f5000)
 Metaspace       used 25568K, capacity 26129K, committed 26240K, reserved 27008K
}

Deoptimization events (0 events):
No events

Classes redefined (0 events):
No events

Internal exceptions (10 events):
Event: 4210.177 Thread 0x2895f800 Exception <a 'java/lang/NoClassDefFoundError': java/lang/Throwable$WrappedPrintStream> (0x087bb6f0) thrown at [C:\workspace\8-2-build-windows-i586-cygwin\jdk8u191\11896\hotspot\src\share\vm\classfile\systemDictionary.cpp, line 208]
Event: 4210.177 Thread 0x2895f800 Exception <a 'java/io/IOException'> (0x087bbe00) thrown at [C:\workspace\8-2-build-windows-i586-cygwin\jdk8u191\11896\hotspot\src\share\vm\prims\jni.cpp, line 709]
Event: 4210.177 Thread 0x2895f800 Exception <a 'java/lang/NoClassDefFoundError': java/lang/Throwable$WrappedPrintStream> (0x087bc100) thrown at [C:\workspace\8-2-build-windows-i586-cygwin\jdk8u191\11896\hotspot\src\share\vm\oops\constantPool.cpp, line 235]
Event: 4210.966 Thread 0x29a8a400 Exception <a 'java/io/IOException'> (0x08947c90) thrown at [C:\workspace\8-2-build-windows-i586-cygwin\jdk8u191\11896\hotspot\src\share\vm\prims\jni.cpp, line 709]
Event: 4210.966 Thread 0x29a8a400 Exception <a 'java/io/IOException'> (0x08948230) thrown at [C:\workspace\8-2-build-windows-i586-cygwin\jdk8u191\11896\hotspot\src\share\vm\prims\jni.cpp, line 709]
Event: 4210.966 Thread 0x29a8a400 Exception <a 'java/io/IOException'> (0x08948658) thrown at [C:\workspace\8-2-build-windows-i586-cygwin\jdk8u191\11896\hotspot\src\share\vm\prims\jni.cpp, line 709]
Event: 4239.058 Thread 0x29a8a400 Exception <a 'java/lang/NullPointerException'> (0x060461b0) thrown at [C:\workspace\8-2-build-windows-i586-cygwin\jdk8u191\11896\hotspot\src\share\vm\interpreter\linkResolver.cpp, line 1185]
Event: 4239.060 Thread 0x29a89400 Exception <a 'java/lang/NoClassDefFoundError': javax/jmdns/impl/tasks/state/Canceler> (0x0608bed0) thrown at [C:\workspace\8-2-build-windows-i586-cygwin\jdk8u191\11896\hotspot\src\share\vm\classfile\systemDictionary.cpp, line 199]
Event: 4239.060 Thread 0x29a89400 Exception <a 'java/io/IOException'> (0x0608c488) thrown at [C:\workspace\8-2-build-windows-i586-cygwin\jdk8u191\11896\hotspot\src\share\vm\prims\jni.cpp, line 709]
Event: 4239.060 Thread 0x29a89400 Exception <a 'java/lang/NoClassDefFoundError': java/lang/Throwable$WrappedPrintStream> (0x0608c7c0) thrown at [C:\workspace\8-2-build-windows-i586-cygwin\jdk8u191\11896\hotspot\src\share\vm\oops\constantPool.cpp, line 235]

Events (10 events):
Event: 4239.060 Thread 0x29a89800 Thread added: 0x29a89800
Event: 4239.060 Thread 0x2896f400 Thread exited: 0x2896f400
Event: 4239.060 Thread 0x29a89800 Thread exited: 0x29a89800
Event: 4239.060 loading class javax/jmdns/impl/tasks/state/Canceler
Event: 4239.060 loading class javax/jmdns/impl/tasks/state/Canceler done
Event: 4239.060 Thread 0x29a8c400 Thread exited: 0x29a8c400
Event: 4239.060 Thread 0x29a89400 Thread exited: 0x29a89400
Event: 4239.074 Thread 0x26d40c00 Thread exited: 0x26d40c00
Event: 4239.160 Thread 0x29a88c00 Thread exited: 0x29a88c00
Event: 4239.732 Thread 0x29a88000 Thread exited: 0x29a88000


Dynamic libraries:
0x00d60000 - 0x00d93000 	E:\Program Files (x86)\Arduino\java\bin\javaw.exe
0x76f10000 - 0x770aa000 	C:\Windows\SYSTEM32\ntdll.dll
0x76e20000 - 0x76f00000 	C:\Windows\System32\KERNEL32.DLL
0x766a0000 - 0x7689e000 	C:\Windows\System32\KERNELBASE.dll
0x768a0000 - 0x76919000 	C:\Windows\System32\ADVAPI32.dll
0x76920000 - 0x769df000 	C:\Windows\System32\msvcrt.dll
0x76cb0000 - 0x76d26000 	C:\Windows\System32\sechost.dll
0x76350000 - 0x7640b000 	C:\Windows\System32\RPCRT4.dll
0x746e0000 - 0x74700000 	C:\Windows\System32\SspiCli.dll
0x746d0000 - 0x746da000 	C:\Windows\System32\CRYPTBASE.dll
0x76140000 - 0x7619f000 	C:\Windows\System32\bcryptPrimitives.dll
0x756b0000 - 0x75847000 	C:\Windows\System32\USER32.dll
0x76dd0000 - 0x76de7000 	C:\Windows\System32\win32u.dll
0x76df0000 - 0x76e11000 	C:\Windows\System32\GDI32.dll
0x76b00000 - 0x76c5b000 	C:\Windows\System32\gdi32full.dll
0x769f0000 - 0x76a6c000 	C:\Windows\System32\msvcp_win.dll
0x75e20000 - 0x75f3f000 	C:\Windows\System32\ucrtbase.dll
0x71500000 - 0x7170f000 	C:\Windows\WinSxS\x86_microsoft.windows.common-controls_6595b64144ccf1df_6.0.18362.959_none_2e74f29627888bc1\COMCTL32.dll
0x75390000 - 0x75605000 	C:\Windows\System32\combase.dll
0x74ba0000 - 0x74bc5000 	C:\Windows\System32\IMM32.DLL
0x56cc0000 - 0x56d7f000 	E:\Program Files (x86)\Arduino\java\bin\msvcr100.dll
0x568e0000 - 0x56cb3000 	E:\Program Files (x86)\Arduino\java\bin\client\jvm.dll
0x760f0000 - 0x760f6000 	C:\Windows\System32\PSAPI.DLL
0x746c0000 - 0x746c8000 	C:\Windows\SYSTEM32\WSOCK32.dll
0x73fe0000 - 0x73fe8000 	C:\Windows\SYSTEM32\VERSION.dll
0x75330000 - 0x7538e000 	C:\Windows\System32\WS2_32.dll
0x744c0000 - 0x744e4000 	C:\Windows\SYSTEM32\WINMM.dll
0x73fb0000 - 0x73fd3000 	C:\Windows\SYSTEM32\winmmbase.dll
0x76100000 - 0x7613b000 	C:\Windows\System32\cfgmgr32.dll
0x568b0000 - 0x568e0000 	E:\Program Files (x86)\Arduino\java\bin\splashscreen.dll
0x73020000 - 0x7309a000 	C:\Windows\system32\uxtheme.dll
0x6b590000 - 0x6b59c000 	E:\Program Files (x86)\Arduino\java\bin\verify.dll
0x75220000 - 0x75323000 	C:\Windows\System32\MSCTF.dll
0x76d30000 - 0x76dc2000 	C:\Windows\System32\OLEAUT32.dll
0x56880000 - 0x568a2000 	E:\Program Files (x86)\Arduino\java\bin\java.dll
0x76690000 - 0x7669f000 	C:\Windows\System32\kernel.appcore.dll
0x6bc70000 - 0x6bcf4000 	C:\Windows\System32\TextInputFramework.dll
0x6b8b0000 - 0x6bb0e000 	C:\Windows\System32\CoreUIComponents.dll
0x6bb10000 - 0x6bb99000 	C:\Windows\System32\CoreMessaging.dll
0x76a70000 - 0x76af4000 	C:\Windows\System32\SHCORE.dll
0x73840000 - 0x73869000 	C:\Windows\SYSTEM32\ntmarta.dll
0x6e8f0000 - 0x6e9ca000 	C:\Windows\SYSTEM32\wintypes.dll
0x6f800000 - 0x6fa29000 	C:\Windows\System32\iertutil.dll
0x56860000 - 0x56874000 	E:\Program Files (x86)\Arduino\java\bin\zip.dll
0x758a0000 - 0x75e19000 	C:\Windows\System32\SHELL32.dll
0x74bd0000 - 0x75196000 	C:\Windows\System32\windows.storage.dll
0x76410000 - 0x7642b000 	C:\Windows\System32\profapi.dll
0x76c60000 - 0x76ca3000 	C:\Windows\System32\powrprof.dll
0x769e0000 - 0x769ed000 	C:\Windows\System32\UMPDC.dll
0x76300000 - 0x76344000 	C:\Windows\System32\shlwapi.dll
0x75860000 - 0x75873000 	C:\Windows\System32\cryptsp.dll
0x61940000 - 0x619b3000 	E:\Program Files (x86)\Arduino\lib\listSerialsj.dll
0x74750000 - 0x74b99000 	C:\Windows\System32\SETUPAPI.dll
0x75880000 - 0x75899000 	C:\Windows\System32\bcrypt.dll
0x56840000 - 0x5685d000 	E:\Program Files (x86)\Arduino\lib\jnidispatch-4.2.2-win32-x86.dll
0x75ff0000 - 0x760e7000 	C:\Windows\System32\Ole32.dll
0x56820000 - 0x56835000 	E:\Program Files (x86)\Arduino\java\bin\net.dll
0x73f50000 - 0x73fa2000 	C:\Windows\system32\mswsock.dll
0x6b580000 - 0x6b58f000 	E:\Program Files (x86)\Arduino\java\bin\nio.dll
0x566d0000 - 0x56817000 	E:\Program Files (x86)\Arduino\java\bin\awt.dll
0x6dd80000 - 0x6de1f000 	C:\Windows\SYSTEM32\apphelp.dll
0x71360000 - 0x71385000 	C:\Windows\system32\DWMAPI.DLL
0x56690000 - 0x566c9000 	E:\Program Files (x86)\Arduino\java\bin\fontmanager.dll
0x5a2b0000 - 0x5a3af000 	C:\Windows\system32\opengl32.dll
0x59fb0000 - 0x59fef000 	C:\Windows\SYSTEM32\GLU32.dll
0x6f1a0000 - 0x6f1b9000 	C:\Windows\SYSTEM32\dxcore.dll
0x56650000 - 0x56682000 	E:\Program Files (x86)\Arduino\java\bin\t2k.dll
0x56640000 - 0x5664a000 	E:\Program Files (x86)\Arduino\java\bin\management.dll
0x73740000 - 0x73751000 	C:\Windows\system32\napinsp.dll
0x736f0000 - 0x73706000 	C:\Windows\system32\pnrpnsp.dll
0x735a0000 - 0x73633000 	C:\Windows\SYSTEM32\DNSAPI.dll
0x75850000 - 0x75857000 	C:\Windows\System32\NSI.dll
0x73ef0000 - 0x73f22000 	C:\Windows\SYSTEM32\IPHLPAPI.DLL
0x733e0000 - 0x733eb000 	C:\Windows\System32\winrnr.dll
0x733c0000 - 0x733d6000 	C:\Windows\system32\NLAapi.dll
0x733b0000 - 0x733c0000 	C:\Windows\system32\wshbth.dll
0x73370000 - 0x73391000 	C:\Program Files (x86)\Bonjour\mdnsNSP.dll
0x73360000 - 0x73368000 	C:\Program Files (x86)\National Instruments\Shared\mDNS Responder\nimdnsNSP.dll
0x733f0000 - 0x733fd000 	C:\Windows\SYSTEM32\nimdnsResponder.dll
0x56620000 - 0x56634000 	E:\Program Files (x86)\Arduino\java\bin\VCRUNTIME140.dll
0x732f0000 - 0x73341000 	C:\Windows\System32\fwpuclnt.dll
0x73210000 - 0x73218000 	C:\Windows\System32\rasadhlp.dll
0x73560000 - 0x73573000 	C:\Windows\SYSTEM32\dhcpcsvc6.DLL
0x73580000 - 0x73595000 	C:\Windows\SYSTEM32\dhcpcsvc.DLL
0x730f0000 - 0x7311f000 	C:\Windows\system32\rsaenh.dll
0x73e10000 - 0x73e2e000 	C:\Windows\SYSTEM32\USERENV.dll
0x731a0000 - 0x731c3000 	C:\Windows\SYSTEM32\DEVOBJ.dll
0x74700000 - 0x74746000 	C:\Windows\System32\WINTRUST.dll
0x751a0000 - 0x751ae000 	C:\Windows\System32\MSASN1.dll
0x761a0000 - 0x7629b000 	C:\Windows\System32\CRYPT32.dll
0x565b0000 - 0x56619000 	E:\Program Files (x86)\Arduino\msvcp100.dll
0x564f0000 - 0x565ae000 	E:\Program Files (x86)\Arduino\msvcr100.dll
0x27610000 - 0x27642000 	E:\Program Files (x86)\Arduino\lib\AStylej.dll
0x564c0000 - 0x564e4000 	E:\Program Files (x86)\Arduino\java\bin\dcpr.dll
0x75630000 - 0x756b0000 	C:\Windows\System32\clbcatq.dll
0x6dc10000 - 0x6dd79000 	C:\Windows\SYSTEM32\WindowsCodecs.dll
0x564a0000 - 0x564c0000 	E:\Program Files (x86)\Arduino\java\bin\sunec.dll
0x56490000 - 0x56499000 	E:\Program Files (x86)\Arduino\java\bin\sunmscapi.dll
0x64000000 - 0x6401b000 	E:\Program Files (x86)\Arduino\lib\jSSC-2.8_x86.dll
0x73870000 - 0x739ff000 	C:\Windows\SYSTEM32\dbghelp.dll

VM Arguments:
jvm_args: -Dsun.java2d.d3d=false -Djna.nosys=true -Djna.nounpack=true -Djna.boot.library.name=jnidispatch-4.2.2-win32-x86 -Djna.boot.library.path=E:\Program Files (x86)\Arduino/lib -Djssc.library.path=E:\Program Files (x86)\Arduino/lib -DAPP_DIR=E:\Program Files (x86)\Arduino -Xms128M -Xmx512M -Dfile.encoding=UTF8 -Djava.net.preferIPv4Stack=true 
java_command: processing.app.Base E:\Arduino\F9YJ74GIKFS6MNV\F9YJ74GIKFS6MNV.ino
java_class_path (initial): E:\Program Files (x86)\Arduino\lib\apple.jar;E:\Program Files (x86)\Arduino\lib\arduino-core.jar;E:\Program Files (x86)\Arduino\lib\batik-1.8.jar;E:\Program Files (x86)\Arduino\lib\batik-anim-1.8.jar;E:\Program Files (x86)\Arduino\lib\batik-awt-util-1.8.jar;E:\Program Files (x86)\Arduino\lib\batik-bridge-1.8.jar;E:\Program Files (x86)\Arduino\lib\batik-codec-1.8.jar;E:\Program Files (x86)\Arduino\lib\batik-css-1.8.jar;E:\Program Files (x86)\Arduino\lib\batik-dom-1.8.jar;E:\Program Files (x86)\Arduino\lib\batik-ext-1.8.jar;E:\Program Files (x86)\Arduino\lib\batik-gvt-1.8.jar;E:\Program Files (x86)\Arduino\lib\batik-parser-1.8.jar;E:\Program Files (x86)\Arduino\lib\batik-rasterizer-1.8.jar;E:\Program Files (x86)\Arduino\lib\batik-script-1.8.jar;E:\Program Files (x86)\Arduino\lib\batik-squiggle-1.8.jar;E:\Program Files (x86)\Arduino\lib\batik-svg-dom-1.8.jar;E:\Program Files (x86)\Arduino\lib\batik-svgpp-1.8.jar;E:\Program Files (x86)\Arduino\lib\batik-transcoder-1.8.jar;E:\Program Files (x86)\Arduino\lib\batik-util-1.8.jar;E:\Program Files (x86)\Arduino\lib\batik-xml-1.8.jar;E:\Program Files (x86)\Arduino\lib\bcpg-jdk15on-152.jar;E:\Program Files (x86)\Arduino\lib\bcprov-jdk15on-152.jar;E:\Program Files (x86)\Arduino\lib\commons-codec-1.7.jar;E:\Program Files (x86)\Arduino\lib\commons-compress-1.8.jar;E:\Program Files (x86)\Arduino\lib\commons-exec-1.1.jar;E:\Program Files (x86)\Arduino\lib\commons-httpclient-3.1.jar;E:\Program Files (x86)\Arduino\lib\commons-lang3-3.8.1.jar;E:\Program Files (x86)\Arduino\lib\commons-logging-1.0.4.jar;E:\Program Files (x86)\Arduino\lib\commons-net-3.3.jar;E:\Program Files (x86)\Arduino\lib\commons-io-2.6.jar;E:\Program Files (x86)\Arduino\lib\jackson-annotations-2.9.5.jar;E:\Program Files (x86)\Arduino\lib\jackson-core-2.9.5.jar;E:\Program Files (x86)\Arduino\lib\jackson-databind-2.9.5.jar;E:\Program Files (x86)\Arduino\lib\java-semver-0.8.0.jar;E:\Program Files (x86)\Arduino\lib\jmdns-3.5.5.jar;E:\Program
Launcher Type: SUN_STANDARD

Environment Variables:
JAVA_HOME=C:\Program Files\Java\jdk-11.0.5
PATH=C:\ProgramData\Anaconda3;C:\ProgramData\Anaconda3\Library\mingw-w64\bin;C:\ProgramData\Anaconda3\Library\usr\bin;C:\ProgramData\Anaconda3\Library\bin;C:\ProgramData\Anaconda3\Scripts;C:\Program Files (x86)\Common Files\Oracle\Java\javapath;C:\Program Files (x86)\Common Files\Intel\Shared Libraries\redist\intel64\compiler;C:\Program Files (x86)\NVIDIA Corporation\PhysX\Common;C:\Windows\system32;C:\Windows;C:\Windows\System32\Wbem;C:\Windows\System32\WindowsPowerShell\v1.0\;C:\Windows\System32\OpenSSH\;C:\TDM-GCC-64\bin;C:\Program Files\Git\cmd;C:\Users\aaqui\AppData\Local\Programs\Python\Python38\Scripts\;C:\Users\aaqui\AppData\Local\Programs\Python\Python38\;C:\Users\aaqui\AppData\Local\Programs\AdoptOpenJDK\bin;C:\Users\aaqui\AppData\Local\Microsoft\WindowsApps;E:\Program Files (x86)\Microsoft VS Code\bin;C:\Program Files\Git\bin\;C:\Program Files\Git\cmd\;C:\Program Files\Java\jdk-11.0.5;C:\Users\aaqui\AppData\Local\Programs\Microsoft VS Code\bin;C:\Users\Public\wpilib\2020\roborio\bin;C:\Users\Public\wpilib\2020\frccode;E:\TDM-GCC-64\bin;E:\Program Files (x86)\Arduino\java\bin
USERNAME=aaqui
OS=Windows_NT
PROCESSOR_IDENTIFIER=AMD64 Family 23 Model 1 Stepping 1, AuthenticAMD



---------------  S Y S T E M  ---------------

OS: Windows 10.0 , 64 bit Build 18362 (10.0.18362.959)

CPU:total 12 (initial active 12) (12 cores per cpu, 1 threads per core) family 23 model 1 stepping 1, cmov, cx8, fxsr, mmx, sse, sse2, sse3, ssse3, sse4.1, sse4.2, popcnt, avx, avx2, aes, clmul, mmxext, 3dnowpref, lzcnt, sse4a, tsc, tscinvbit, tscinv, bmi1

Memory: 4k page, physical 16707316k(10246480k free), swap 18059352k(7240680k free)

vm_info: Java HotSpot(TM) Client VM (25.191-b12) for windows-x86 JRE (1.8.0_191-b12), built on Oct  6 2018 08:34:23 by "java_re" with MS VC++ 10.0 (VS2010)

time: Wed Jul 29 11:55:00 2020
elapsed time: 4239 seconds (0d 1h 10m 39s)

